2024-04-12 13:17:24,705 [Worker-8: Loading available Gradle versions] INFO  o.e.b.c.i.u.g.PublishedGradleVersions - Gradle version information cache is up-to-date. Trying to read.
2024-04-12 13:18:15,790 [Worker-8: Building] INFO  o.e.m.c.i.l.LifecycleMappingFactory - Using org.eclipse.m2e.jdt.JarLifecycleMapping lifecycle mapping for MavenProject: com.mysite:basic:0.0.1-SNAPSHOT @ C:\WON\SpringWork\STSWork\basic\pom.xml.
2024-04-12 13:18:16,368 [Worker-8: Building] INFO  o.a.m.s.f.DefaultMavenResourcesFiltering - skip non existing resourceDirectory C:\WON\SpringWork\STSWork\basic\src\main\resources
2024-04-12 13:18:16,372 [Worker-8: Building] INFO  o.a.m.s.f.DefaultMavenResourcesFiltering - skip non existing resourceDirectory C:\WON\SpringWork\STSWork\basic\src\test\resources
2024-04-12 13:18:17,457 [Worker-9: Building] INFO  o.a.m.s.f.DefaultMavenResourcesFiltering - skip non existing resourceDirectory C:\WON\SpringWork\STSWork\basic\src\main\resources
2024-04-12 13:18:17,458 [Worker-9: Building] INFO  o.a.m.s.f.DefaultMavenResourcesFiltering - skip non existing resourceDirectory C:\WON\SpringWork\STSWork\basic\src\test\resources
2024-04-12 14:33:12,861 [Worker-18: Building] INFO  o.a.m.s.f.DefaultMavenResourcesFiltering - skip non existing resourceDirectory C:\WON\SpringWork\STSWork\basic\src\main\resources
2024-04-12 14:33:12,862 [Worker-18: Building] INFO  o.a.m.s.f.DefaultMavenResourcesFiltering - skip non existing resourceDirectory C:\WON\SpringWork\STSWork\basic\src\test\resources
2024-04-12 14:33:32,183 [Worker-16: Building] INFO  o.a.m.s.f.DefaultMavenResourcesFiltering - skip non existing resourceDirectory C:\WON\SpringWork\STSWork\basic\src\main\resources
2024-04-12 14:33:32,184 [Worker-16: Building] INFO  o.a.m.s.f.DefaultMavenResourcesFiltering - skip non existing resourceDirectory C:\WON\SpringWork\STSWork\basic\src\test\resources
2024-04-12 14:34:59,604 [Worker-16: Building Workspace] INFO  o.a.m.s.f.DefaultMavenResourcesFiltering - skip non existing resourceDirectory C:\WON\SpringWork\STSWork\basic\src\main\resources
2024-04-12 14:34:59,606 [Worker-16: Building Workspace] INFO  o.a.m.s.f.DefaultMavenResourcesFiltering - skip non existing resourceDirectory C:\WON\SpringWork\STSWork\basic\src\test\resources
2024-04-12 14:37:11,531 [Worker-20: Building] INFO  o.a.m.s.f.DefaultMavenResourcesFiltering - skip non existing resourceDirectory C:\WON\SpringWork\STSWork\basic\src\main\resources
2024-04-12 14:37:11,532 [Worker-20: Building] INFO  o.a.m.s.f.DefaultMavenResourcesFiltering - skip non existing resourceDirectory C:\WON\SpringWork\STSWork\basic\src\test\resources
2024-04-12 14:37:15,725 [Worker-20: Building] INFO  o.a.m.s.f.DefaultMavenResourcesFiltering - skip non existing resourceDirectory C:\WON\SpringWork\STSWork\basic\src\main\resources
2024-04-12 14:37:15,726 [Worker-20: Building] INFO  o.a.m.s.f.DefaultMavenResourcesFiltering - skip non existing resourceDirectory C:\WON\SpringWork\STSWork\basic\src\test\resources
2024-04-12 14:37:17,810 [Worker-21: Building] INFO  o.a.m.s.f.DefaultMavenResourcesFiltering - skip non existing resourceDirectory C:\WON\SpringWork\STSWork\basic\src\main\resources
2024-04-12 14:37:17,812 [Worker-21: Building] INFO  o.a.m.s.f.DefaultMavenResourcesFiltering - skip non existing resourceDirectory C:\WON\SpringWork\STSWork\basic\src\test\resources
2024-04-12 14:37:27,271 [Worker-20: Building] INFO  o.a.m.s.f.DefaultMavenResourcesFiltering - skip non existing resourceDirectory C:\WON\SpringWork\STSWork\basic\src\main\resources
2024-04-12 14:37:27,272 [Worker-20: Building] INFO  o.a.m.s.f.DefaultMavenResourcesFiltering - skip non existing resourceDirectory C:\WON\SpringWork\STSWork\basic\src\test\resources
2024-04-12 14:39:18,545 [Worker-20: Building] INFO  o.a.m.s.f.DefaultMavenResourcesFiltering - skip non existing resourceDirectory C:\WON\SpringWork\STSWork\basic\src\main\resources
2024-04-12 14:39:18,547 [Worker-20: Building] INFO  o.a.m.s.f.DefaultMavenResourcesFiltering - skip non existing resourceDirectory C:\WON\SpringWork\STSWork\basic\src\test\resources
2024-04-12 14:39:30,596 [Worker-19: Building] INFO  o.a.m.s.f.DefaultMavenResourcesFiltering - skip non existing resourceDirectory C:\WON\SpringWork\STSWork\basic\src\main\resources
2024-04-12 14:39:30,597 [Worker-19: Building] INFO  o.a.m.s.f.DefaultMavenResourcesFiltering - skip non existing resourceDirectory C:\WON\SpringWork\STSWork\basic\src\test\resources
2024-04-12 14:39:43,591 [Worker-20: Building] INFO  o.a.m.s.f.DefaultMavenResourcesFiltering - skip non existing resourceDirectory C:\WON\SpringWork\STSWork\basic\src\main\resources
2024-04-12 14:39:43,592 [Worker-20: Building] INFO  o.a.m.s.f.DefaultMavenResourcesFiltering - skip non existing resourceDirectory C:\WON\SpringWork\STSWork\basic\src\test\resources
2024-04-12 14:42:05,188 [Worker-23: Building] INFO  o.a.m.s.f.DefaultMavenResourcesFiltering - skip non existing resourceDirectory C:\WON\SpringWork\STSWork\basic\src\main\resources
2024-04-12 14:42:05,189 [Worker-23: Building] INFO  o.a.m.s.f.DefaultMavenResourcesFiltering - skip non existing resourceDirectory C:\WON\SpringWork\STSWork\basic\src\test\resources
2024-04-12 14:42:23,202 [Worker-20: Building] INFO  o.a.m.s.f.DefaultMavenResourcesFiltering - skip non existing resourceDirectory C:\WON\SpringWork\STSWork\basic\src\main\resources
2024-04-12 14:42:23,205 [Worker-20: Building] INFO  o.a.m.s.f.DefaultMavenResourcesFiltering - skip non existing resourceDirectory C:\WON\SpringWork\STSWork\basic\src\test\resources
2024-04-12 14:45:15,385 [Worker-22: Building] INFO  o.a.m.s.f.DefaultMavenResourcesFiltering - skip non existing resourceDirectory C:\WON\SpringWork\STSWork\basic\src\main\resources
2024-04-12 14:45:15,386 [Worker-22: Building] INFO  o.a.m.s.f.DefaultMavenResourcesFiltering - skip non existing resourceDirectory C:\WON\SpringWork\STSWork\basic\src\test\resources
2024-04-12 14:45:22,973 [Worker-16: Building] INFO  o.a.m.s.f.DefaultMavenResourcesFiltering - skip non existing resourceDirectory C:\WON\SpringWork\STSWork\basic\src\main\resources
2024-04-12 14:45:22,974 [Worker-16: Building] INFO  o.a.m.s.f.DefaultMavenResourcesFiltering - skip non existing resourceDirectory C:\WON\SpringWork\STSWork\basic\src\test\resources
2024-04-12 14:47:17,804 [Worker-21: Building] INFO  o.a.m.s.f.DefaultMavenResourcesFiltering - skip non existing resourceDirectory C:\WON\SpringWork\STSWork\basic\src\main\resources
2024-04-12 14:47:17,805 [Worker-21: Building] INFO  o.a.m.s.f.DefaultMavenResourcesFiltering - skip non existing resourceDirectory C:\WON\SpringWork\STSWork\basic\src\test\resources
2024-04-12 14:50:44,389 [Worker-25: Building] INFO  o.a.m.s.f.DefaultMavenResourcesFiltering - skip non existing resourceDirectory C:\WON\SpringWork\STSWork\basic\src\main\resources
2024-04-12 14:50:44,390 [Worker-25: Building] INFO  o.a.m.s.f.DefaultMavenResourcesFiltering - skip non existing resourceDirectory C:\WON\SpringWork\STSWork\basic\src\test\resources
2024-04-12 14:50:53,735 [Worker-27: Building] INFO  o.a.m.s.f.DefaultMavenResourcesFiltering - skip non existing resourceDirectory C:\WON\SpringWork\STSWork\basic\src\main\resources
2024-04-12 14:50:53,736 [Worker-27: Building] INFO  o.a.m.s.f.DefaultMavenResourcesFiltering - skip non existing resourceDirectory C:\WON\SpringWork\STSWork\basic\src\test\resources
2024-04-12 14:51:34,094 [Worker-21: Building] INFO  o.a.m.s.f.DefaultMavenResourcesFiltering - skip non existing resourceDirectory C:\WON\SpringWork\STSWork\basic\src\main\resources
2024-04-12 14:51:34,097 [Worker-21: Building] INFO  o.a.m.s.f.DefaultMavenResourcesFiltering - skip non existing resourceDirectory C:\WON\SpringWork\STSWork\basic\src\test\resources
2024-04-12 14:52:10,382 [Worker-27: Building] INFO  o.a.m.s.f.DefaultMavenResourcesFiltering - skip non existing resourceDirectory C:\WON\SpringWork\STSWork\basic\src\main\resources
2024-04-12 14:52:10,383 [Worker-27: Building] INFO  o.a.m.s.f.DefaultMavenResourcesFiltering - skip non existing resourceDirectory C:\WON\SpringWork\STSWork\basic\src\test\resources
2024-04-12 14:53:41,967 [Worker-19: Building] INFO  o.a.m.s.f.DefaultMavenResourcesFiltering - skip non existing resourceDirectory C:\WON\SpringWork\STSWork\basic\src\main\resources
2024-04-12 14:53:41,968 [Worker-19: Building] INFO  o.a.m.s.f.DefaultMavenResourcesFiltering - skip non existing resourceDirectory C:\WON\SpringWork\STSWork\basic\src\test\resources
2024-04-12 14:54:16,904 [Worker-25: Building] INFO  o.a.m.s.f.DefaultMavenResourcesFiltering - skip non existing resourceDirectory C:\WON\SpringWork\STSWork\basic\src\main\resources
2024-04-12 14:54:16,906 [Worker-25: Building] INFO  o.a.m.s.f.DefaultMavenResourcesFiltering - skip non existing resourceDirectory C:\WON\SpringWork\STSWork\basic\src\test\resources
2024-04-12 14:54:31,837 [Worker-25: Building] INFO  o.a.m.s.f.DefaultMavenResourcesFiltering - skip non existing resourceDirectory C:\WON\SpringWork\STSWork\basic\src\main\resources
2024-04-12 14:54:31,838 [Worker-25: Building] INFO  o.a.m.s.f.DefaultMavenResourcesFiltering - skip non existing resourceDirectory C:\WON\SpringWork\STSWork\basic\src\test\resources
2024-04-12 14:56:05,214 [Worker-33: Building] INFO  o.a.m.s.f.DefaultMavenResourcesFiltering - skip non existing resourceDirectory C:\WON\SpringWork\STSWork\basic\src\main\resources
2024-04-12 14:56:05,216 [Worker-33: Building] INFO  o.a.m.s.f.DefaultMavenResourcesFiltering - skip non existing resourceDirectory C:\WON\SpringWork\STSWork\basic\src\test\resources
2024-04-12 14:56:15,957 [Worker-34: Building] INFO  o.a.m.s.f.DefaultMavenResourcesFiltering - skip non existing resourceDirectory C:\WON\SpringWork\STSWork\basic\src\main\resources
2024-04-12 14:56:15,958 [Worker-34: Building] INFO  o.a.m.s.f.DefaultMavenResourcesFiltering - skip non existing resourceDirectory C:\WON\SpringWork\STSWork\basic\src\test\resources
2024-04-12 15:01:24,365 [Worker-35: Building] INFO  o.e.m.c.i.l.LifecycleMappingFactory - Using org.eclipse.m2e.jdt.JarLifecycleMapping lifecycle mapping for MavenProject: com.mysite:basic:0.0.1-SNAPSHOT @ C:\WON\SpringWork\STSWork\basic\pom.xml.
2024-04-12 15:01:24,561 [Worker-35: Building] INFO  o.e.m.c.i.e.AbstractTransferListenerAdapter - Downloading https://repo.maven.apache.org/maven2/org/springframework/spring-context/5.3.33/spring-context-5.3.33.pom
2024-04-12 15:01:24,585 [Worker-35: Building] INFO  o.e.m.c.i.e.AbstractTransferListenerAdapter - Downloaded https://repo.maven.apache.org/maven2/org/springframework/spring-context/5.3.33/spring-context-5.3.33.pom
2024-04-12 15:01:24,594 [Worker-35: Building] INFO  o.e.m.c.i.e.AbstractTransferListenerAdapter - Downloading https://repo.maven.apache.org/maven2/org/springframework/spring-aop/5.3.33/spring-aop-5.3.33.pom
2024-04-12 15:01:24,612 [Worker-35: Building] INFO  o.e.m.c.i.e.AbstractTransferListenerAdapter - Downloaded https://repo.maven.apache.org/maven2/org/springframework/spring-aop/5.3.33/spring-aop-5.3.33.pom
2024-04-12 15:01:24,621 [Worker-35: Building] INFO  o.e.m.c.i.e.AbstractTransferListenerAdapter - Downloading https://repo.maven.apache.org/maven2/org/springframework/spring-beans/5.3.33/spring-beans-5.3.33.pom
2024-04-12 15:01:24,644 [Worker-35: Building] INFO  o.e.m.c.i.e.AbstractTransferListenerAdapter - Downloaded https://repo.maven.apache.org/maven2/org/springframework/spring-beans/5.3.33/spring-beans-5.3.33.pom
2024-04-12 15:01:24,653 [Worker-35: Building] INFO  o.e.m.c.i.e.AbstractTransferListenerAdapter - Downloading https://repo.maven.apache.org/maven2/org/springframework/spring-core/5.3.33/spring-core-5.3.33.pom
2024-04-12 15:01:24,671 [Worker-35: Building] INFO  o.e.m.c.i.e.AbstractTransferListenerAdapter - Downloaded https://repo.maven.apache.org/maven2/org/springframework/spring-core/5.3.33/spring-core-5.3.33.pom
2024-04-12 15:01:24,682 [Worker-35: Building] INFO  o.e.m.c.i.e.AbstractTransferListenerAdapter - Downloading https://repo.maven.apache.org/maven2/org/springframework/spring-jcl/5.3.33/spring-jcl-5.3.33.pom
2024-04-12 15:01:24,699 [Worker-35: Building] INFO  o.e.m.c.i.e.AbstractTransferListenerAdapter - Downloaded https://repo.maven.apache.org/maven2/org/springframework/spring-jcl/5.3.33/spring-jcl-5.3.33.pom
2024-04-12 15:01:24,708 [Worker-35: Building] INFO  o.e.m.c.i.e.AbstractTransferListenerAdapter - Downloading https://repo.maven.apache.org/maven2/org/springframework/spring-expression/5.3.33/spring-expression-5.3.33.pom
2024-04-12 15:01:24,728 [Worker-35: Building] INFO  o.e.m.c.i.e.AbstractTransferListenerAdapter - Downloaded https://repo.maven.apache.org/maven2/org/springframework/spring-expression/5.3.33/spring-expression-5.3.33.pom
2024-04-12 15:01:24,742 [Worker-35: Building] INFO  o.e.m.c.i.e.AbstractTransferListenerAdapter - Downloading https://repo.maven.apache.org/maven2/org/springframework/spring-context/5.3.33/spring-context-5.3.33.jar
2024-04-12 15:01:24,837 [Worker-35: Building] INFO  o.e.m.c.i.e.AbstractTransferListenerAdapter - Downloaded https://repo.maven.apache.org/maven2/org/springframework/spring-context/5.3.33/spring-context-5.3.33.jar
2024-04-12 15:01:24,853 [BasicRepositoryConnector-repo.maven.apache.org-0-0] INFO  o.e.m.c.i.e.AbstractTransferListenerAdapter - Downloading https://repo.maven.apache.org/maven2/org/springframework/spring-aop/5.3.33/spring-aop-5.3.33.jar
2024-04-12 15:01:24,854 [BasicRepositoryConnector-repo.maven.apache.org-0-3] INFO  o.e.m.c.i.e.AbstractTransferListenerAdapter - Downloading https://repo.maven.apache.org/maven2/org/springframework/spring-jcl/5.3.33/spring-jcl-5.3.33.jar
2024-04-12 15:01:24,855 [BasicRepositoryConnector-repo.maven.apache.org-0-4] INFO  o.e.m.c.i.e.AbstractTransferListenerAdapter - Downloading https://repo.maven.apache.org/maven2/org/springframework/spring-expression/5.3.33/spring-expression-5.3.33.jar
2024-04-12 15:01:24,897 [BasicRepositoryConnector-repo.maven.apache.org-0-4] INFO  o.e.m.c.i.e.AbstractTransferListenerAdapter - Downloaded https://repo.maven.apache.org/maven2/org/springframework/spring-expression/5.3.33/spring-expression-5.3.33.jar
2024-04-12 15:01:24,903 [BasicRepositoryConnector-repo.maven.apache.org-0-2] INFO  o.e.m.c.i.e.AbstractTransferListenerAdapter - Downloading https://repo.maven.apache.org/maven2/org/springframework/spring-core/5.3.33/spring-core-5.3.33.jar
2024-04-12 15:01:24,908 [BasicRepositoryConnector-repo.maven.apache.org-0-0] INFO  o.e.m.c.i.e.AbstractTransferListenerAdapter - Downloaded https://repo.maven.apache.org/maven2/org/springframework/spring-aop/5.3.33/spring-aop-5.3.33.jar
2024-04-12 15:01:24,953 [BasicRepositoryConnector-repo.maven.apache.org-0-2] INFO  o.e.m.c.i.e.AbstractTransferListenerAdapter - Downloaded https://repo.maven.apache.org/maven2/org/springframework/spring-core/5.3.33/spring-core-5.3.33.jar
2024-04-12 15:01:25,083 [BasicRepositoryConnector-repo.maven.apache.org-0-3] INFO  o.e.m.c.i.e.AbstractTransferListenerAdapter - Downloaded https://repo.maven.apache.org/maven2/org/springframework/spring-jcl/5.3.33/spring-jcl-5.3.33.jar
2024-04-12 15:01:25,104 [BasicRepositoryConnector-repo.maven.apache.org-0-1] INFO  o.e.m.c.i.e.AbstractTransferListenerAdapter - Downloading https://repo.maven.apache.org/maven2/org/springframework/spring-beans/5.3.33/spring-beans-5.3.33.jar
2024-04-12 15:01:25,139 [BasicRepositoryConnector-repo.maven.apache.org-0-1] INFO  o.e.m.c.i.e.AbstractTransferListenerAdapter - Downloaded https://repo.maven.apache.org/maven2/org/springframework/spring-beans/5.3.33/spring-beans-5.3.33.jar
2024-04-12 15:01:25,266 [Worker-35: Building] INFO  o.a.m.s.f.DefaultMavenResourcesFiltering - skip non existing resourceDirectory C:\WON\SpringWork\STSWork\basic\src\main\resources
2024-04-12 15:01:25,268 [Worker-35: Building] INFO  o.a.m.s.f.DefaultMavenResourcesFiltering - skip non existing resourceDirectory C:\WON\SpringWork\STSWork\basic\src\test\resources
2024-04-12 15:01:26,235 [Worker-19: Download sources and javadoc] INFO  o.e.m.c.i.e.AbstractTransferListenerAdapter - Downloading https://repo.maven.apache.org/maven2/org/springframework/spring-context/5.3.33/spring-context-5.3.33-sources.jar
2024-04-12 15:01:26,278 [Worker-19: Download sources and javadoc] INFO  o.e.m.c.i.e.AbstractTransferListenerAdapter - Downloaded https://repo.maven.apache.org/maven2/org/springframework/spring-context/5.3.33/spring-context-5.3.33-sources.jar
2024-04-12 15:01:26,280 [Worker-19: Download sources and javadoc] INFO  o.e.m.j.internal.DownloadSourcesJob - Downloaded sources for org.springframework:spring-context:5.3.33
2024-04-12 15:01:26,296 [Worker-19: Download sources and javadoc] INFO  o.e.m.c.i.e.AbstractTransferListenerAdapter - Downloading https://repo.maven.apache.org/maven2/org/springframework/spring-aop/5.3.33/spring-aop-5.3.33-sources.jar
2024-04-12 15:01:26,332 [Worker-19: Download sources and javadoc] INFO  o.e.m.c.i.e.AbstractTransferListenerAdapter - Downloaded https://repo.maven.apache.org/maven2/org/springframework/spring-aop/5.3.33/spring-aop-5.3.33-sources.jar
2024-04-12 15:01:26,335 [Worker-19: Download sources and javadoc] INFO  o.e.m.j.internal.DownloadSourcesJob - Downloaded sources for org.springframework:spring-aop:5.3.33
2024-04-12 15:01:26,351 [Worker-19: Download sources and javadoc] INFO  o.e.m.c.i.e.AbstractTransferListenerAdapter - Downloading https://repo.maven.apache.org/maven2/org/springframework/spring-beans/5.3.33/spring-beans-5.3.33-sources.jar
2024-04-12 15:01:26,379 [Worker-19: Download sources and javadoc] INFO  o.e.m.c.i.e.AbstractTransferListenerAdapter - Downloaded https://repo.maven.apache.org/maven2/org/springframework/spring-beans/5.3.33/spring-beans-5.3.33-sources.jar
2024-04-12 15:01:26,381 [Worker-19: Download sources and javadoc] INFO  o.e.m.j.internal.DownloadSourcesJob - Downloaded sources for org.springframework:spring-beans:5.3.33
2024-04-12 15:01:26,397 [Worker-19: Download sources and javadoc] INFO  o.e.m.c.i.e.AbstractTransferListenerAdapter - Downloading https://repo.maven.apache.org/maven2/org/springframework/spring-core/5.3.33/spring-core-5.3.33-sources.jar
2024-04-12 15:01:26,449 [Worker-19: Download sources and javadoc] INFO  o.e.m.c.i.e.AbstractTransferListenerAdapter - Downloaded https://repo.maven.apache.org/maven2/org/springframework/spring-core/5.3.33/spring-core-5.3.33-sources.jar
2024-04-12 15:01:26,452 [Worker-19: Download sources and javadoc] INFO  o.e.m.j.internal.DownloadSourcesJob - Downloaded sources for org.springframework:spring-core:5.3.33
2024-04-12 15:01:26,466 [Worker-19: Download sources and javadoc] INFO  o.e.m.c.i.e.AbstractTransferListenerAdapter - Downloading https://repo.maven.apache.org/maven2/org/springframework/spring-jcl/5.3.33/spring-jcl-5.3.33-sources.jar
2024-04-12 15:01:26,467 [Worker-38: Building] INFO  o.a.m.s.f.DefaultMavenResourcesFiltering - skip non existing resourceDirectory C:\WON\SpringWork\STSWork\basic\src\main\resources
2024-04-12 15:01:26,469 [Worker-38: Building] INFO  o.a.m.s.f.DefaultMavenResourcesFiltering - skip non existing resourceDirectory C:\WON\SpringWork\STSWork\basic\src\test\resources
2024-04-12 15:01:26,622 [Worker-19: Download sources and javadoc] INFO  o.e.m.c.i.e.AbstractTransferListenerAdapter - Downloaded https://repo.maven.apache.org/maven2/org/springframework/spring-jcl/5.3.33/spring-jcl-5.3.33-sources.jar
2024-04-12 15:01:26,625 [Worker-19: Download sources and javadoc] INFO  o.e.m.j.internal.DownloadSourcesJob - Downloaded sources for org.springframework:spring-jcl:5.3.33
2024-04-12 15:01:26,642 [Worker-19: Download sources and javadoc] INFO  o.e.m.c.i.e.AbstractTransferListenerAdapter - Downloading https://repo.maven.apache.org/maven2/org/springframework/spring-expression/5.3.33/spring-expression-5.3.33-sources.jar
2024-04-12 15:01:26,669 [Worker-19: Download sources and javadoc] INFO  o.e.m.c.i.e.AbstractTransferListenerAdapter - Downloaded https://repo.maven.apache.org/maven2/org/springframework/spring-expression/5.3.33/spring-expression-5.3.33-sources.jar
2024-04-12 15:01:26,672 [Worker-19: Download sources and javadoc] INFO  o.e.m.j.internal.DownloadSourcesJob - Downloaded sources for org.springframework:spring-expression:5.3.33
2024-04-12 15:01:51,183 [Worker-37: Building] INFO  o.e.m.c.i.l.LifecycleMappingFactory - Using org.eclipse.m2e.jdt.JarLifecycleMapping lifecycle mapping for MavenProject: com.mysite:basic:0.0.1-SNAPSHOT @ C:\WON\SpringWork\STSWork\basic\pom.xml.
2024-04-12 15:01:51,257 [Worker-37: Building] INFO  o.a.m.s.f.DefaultMavenResourcesFiltering - skip non existing resourceDirectory C:\WON\SpringWork\STSWork\basic\src\main\resources
2024-04-12 15:01:51,259 [Worker-37: Building] INFO  o.a.m.s.f.DefaultMavenResourcesFiltering - skip non existing resourceDirectory C:\WON\SpringWork\STSWork\basic\src\test\resources
2024-04-12 15:06:37,743 [Worker-39: Building] INFO  o.a.m.s.f.DefaultMavenResourcesFiltering - skip non existing resourceDirectory C:\WON\SpringWork\STSWork\basic\src\main\resources
2024-04-12 15:06:37,745 [Worker-39: Building] INFO  o.a.m.s.f.DefaultMavenResourcesFiltering - skip non existing resourceDirectory C:\WON\SpringWork\STSWork\basic\src\test\resources
2024-04-12 15:07:13,835 [Worker-37: Building] INFO  o.a.m.s.f.DefaultMavenResourcesFiltering - skip non existing resourceDirectory C:\WON\SpringWork\STSWork\basic\src\main\resources
2024-04-12 15:07:13,836 [Worker-37: Building] INFO  o.a.m.s.f.DefaultMavenResourcesFiltering - skip non existing resourceDirectory C:\WON\SpringWork\STSWork\basic\src\test\resources
2024-04-12 15:10:38,187 [Worker-39: Building] INFO  o.a.m.s.f.DefaultMavenResourcesFiltering - Copying 0 resource from src\main\resources to target\classes
2024-04-12 15:10:38,189 [Worker-39: Building] INFO  o.a.m.s.f.DefaultMavenResourcesFiltering - skip non existing resourceDirectory C:\WON\SpringWork\STSWork\basic\src\test\resources
2024-04-12 15:11:03,661 [Worker-39: Building] INFO  o.a.m.s.f.DefaultMavenResourcesFiltering - Copying 0 resource from src\main\resources to target\classes
2024-04-12 15:11:03,662 [Worker-39: Building] INFO  o.a.m.s.f.DefaultMavenResourcesFiltering - skip non existing resourceDirectory C:\WON\SpringWork\STSWork\basic\src\test\resources
2024-04-12 15:18:53,892 [Worker-49: Building] INFO  o.a.m.s.f.DefaultMavenResourcesFiltering - Copying 1 resource from src\main\resources to target\classes
2024-04-12 15:18:53,897 [Worker-49: Building] INFO  o.a.m.s.f.DefaultMavenResourcesFiltering - skip non existing resourceDirectory C:\WON\SpringWork\STSWork\basic\src\test\resources
2024-04-12 15:34:04,824 [Worker-54: Building] INFO  o.a.m.s.f.DefaultMavenResourcesFiltering - Copying 1 resource from src\main\resources to target\classes
2024-04-12 15:34:04,826 [Worker-54: Building] INFO  o.a.m.s.f.DefaultMavenResourcesFiltering - skip non existing resourceDirectory C:\WON\SpringWork\STSWork\basic\src\test\resources
2024-04-12 15:34:19,971 [Worker-54: Building] INFO  o.a.m.s.f.DefaultMavenResourcesFiltering - Copying 1 resource from src\main\resources to target\classes
2024-04-12 15:34:19,975 [Worker-54: Building] INFO  o.a.m.s.f.DefaultMavenResourcesFiltering - skip non existing resourceDirectory C:\WON\SpringWork\STSWork\basic\src\test\resources
2024-04-12 15:34:23,049 [Worker-54: Building] INFO  o.a.m.s.f.DefaultMavenResourcesFiltering - Copying 1 resource from src\main\resources to target\classes
2024-04-12 15:34:23,052 [Worker-54: Building] INFO  o.a.m.s.f.DefaultMavenResourcesFiltering - skip non existing resourceDirectory C:\WON\SpringWork\STSWork\basic\src\test\resources
2024-04-12 15:42:26,902 [Worker-53: Building] INFO  o.a.m.s.f.DefaultMavenResourcesFiltering - Copying 1 resource from src\main\resources to target\classes
2024-04-12 15:42:26,903 [Worker-53: Building] INFO  o.a.m.s.f.DefaultMavenResourcesFiltering - skip non existing resourceDirectory C:\WON\SpringWork\STSWork\basic\src\test\resources
2024-04-12 15:43:32,826 [Worker-56: Building] INFO  o.a.m.s.f.DefaultMavenResourcesFiltering - Copying 1 resource from src\main\resources to target\classes
2024-04-12 15:43:32,828 [Worker-56: Building] INFO  o.a.m.s.f.DefaultMavenResourcesFiltering - skip non existing resourceDirectory C:\WON\SpringWork\STSWork\basic\src\test\resources
2024-04-12 15:46:27,257 [Worker-53: Building] INFO  o.a.m.s.f.DefaultMavenResourcesFiltering - Copying 1 resource from src\main\resources to target\classes
2024-04-12 15:46:27,260 [Worker-53: Building] INFO  o.a.m.s.f.DefaultMavenResourcesFiltering - skip non existing resourceDirectory C:\WON\SpringWork\STSWork\basic\src\test\resources
2024-04-12 15:49:28,998 [Worker-53: Building] INFO  o.a.m.s.f.DefaultMavenResourcesFiltering - Copying 1 resource from src\main\resources to target\classes
2024-04-12 15:49:29,000 [Worker-53: Building] INFO  o.a.m.s.f.DefaultMavenResourcesFiltering - skip non existing resourceDirectory C:\WON\SpringWork\STSWork\basic\src\test\resources
2024-04-12 15:49:52,782 [Worker-60: Building] INFO  o.a.m.s.f.DefaultMavenResourcesFiltering - Copying 1 resource from src\main\resources to target\classes
2024-04-12 15:49:52,783 [Worker-60: Building] INFO  o.a.m.s.f.DefaultMavenResourcesFiltering - skip non existing resourceDirectory C:\WON\SpringWork\STSWork\basic\src\test\resources
2024-04-12 15:51:57,823 [Worker-68: Building] INFO  o.a.m.s.f.DefaultMavenResourcesFiltering - Copying 1 resource from src\main\resources to target\classes
2024-04-12 15:51:57,824 [Worker-68: Building] INFO  o.a.m.s.f.DefaultMavenResourcesFiltering - skip non existing resourceDirectory C:\WON\SpringWork\STSWork\basic\src\test\resources
2024-04-12 15:52:20,654 [Worker-65: Building] INFO  o.a.m.s.f.DefaultMavenResourcesFiltering - Copying 1 resource from src\main\resources to target\classes
2024-04-12 15:52:20,655 [Worker-65: Building] INFO  o.a.m.s.f.DefaultMavenResourcesFiltering - skip non existing resourceDirectory C:\WON\SpringWork\STSWork\basic\src\test\resources
2024-04-12 15:52:45,548 [Worker-69: Building] INFO  o.a.m.s.f.DefaultMavenResourcesFiltering - Copying 1 resource from src\main\resources to target\classes
2024-04-12 15:52:45,549 [Worker-69: Building] INFO  o.a.m.s.f.DefaultMavenResourcesFiltering - skip non existing resourceDirectory C:\WON\SpringWork\STSWork\basic\src\test\resources
2024-04-12 15:54:08,569 [Worker-65: Building] INFO  o.a.m.s.f.DefaultMavenResourcesFiltering - Copying 1 resource from src\main\resources to target\classes
2024-04-12 15:54:08,571 [Worker-65: Building] INFO  o.a.m.s.f.DefaultMavenResourcesFiltering - skip non existing resourceDirectory C:\WON\SpringWork\STSWork\basic\src\test\resources
2024-04-12 15:54:48,144 [Worker-68: Building] INFO  o.a.m.s.f.DefaultMavenResourcesFiltering - Copying 1 resource from src\main\resources to target\classes
2024-04-12 15:54:48,146 [Worker-68: Building] INFO  o.a.m.s.f.DefaultMavenResourcesFiltering - skip non existing resourceDirectory C:\WON\SpringWork\STSWork\basic\src\test\resources
2024-04-12 15:54:51,136 [Worker-64: Building] INFO  o.a.m.s.f.DefaultMavenResourcesFiltering - Copying 1 resource from src\main\resources to target\classes
2024-04-12 15:54:51,138 [Worker-64: Building] INFO  o.a.m.s.f.DefaultMavenResourcesFiltering - skip non existing resourceDirectory C:\WON\SpringWork\STSWork\basic\src\test\resources
2024-04-12 15:57:18,400 [Worker-65: Building] INFO  o.a.m.s.f.DefaultMavenResourcesFiltering - Copying 1 resource from src\main\resources to target\classes
2024-04-12 15:57:18,403 [Worker-65: Building] INFO  o.a.m.s.f.DefaultMavenResourcesFiltering - skip non existing resourceDirectory C:\WON\SpringWork\STSWork\basic\src\test\resources
2024-04-12 15:57:21,618 [Worker-70: Building] INFO  o.a.m.s.f.DefaultMavenResourcesFiltering - Copying 1 resource from src\main\resources to target\classes
2024-04-12 15:57:21,619 [Worker-70: Building] INFO  o.a.m.s.f.DefaultMavenResourcesFiltering - skip non existing resourceDirectory C:\WON\SpringWork\STSWork\basic\src\test\resources
2024-04-12 15:58:56,756 [Worker-72: Building] INFO  o.a.m.s.f.DefaultMavenResourcesFiltering - Copying 1 resource from src\main\resources to target\classes
2024-04-12 15:58:56,757 [Worker-72: Building] INFO  o.a.m.s.f.DefaultMavenResourcesFiltering - skip non existing resourceDirectory C:\WON\SpringWork\STSWork\basic\src\test\resources
2024-04-12 15:59:05,215 [Worker-72: Launching App (2)] INFO  o.a.m.s.f.DefaultMavenResourcesFiltering - Copying 1 resource from src\main\resources to target\classes
2024-04-12 15:59:05,217 [Worker-72: Launching App (2)] INFO  o.a.m.s.f.DefaultMavenResourcesFiltering - skip non existing resourceDirectory C:\WON\SpringWork\STSWork\basic\src\test\resources
2024-04-12 16:02:29,709 [Worker-77: Building] INFO  o.a.m.s.f.DefaultMavenResourcesFiltering - Copying 1 resource from src\main\resources to target\classes
2024-04-12 16:02:29,711 [Worker-77: Building] INFO  o.a.m.s.f.DefaultMavenResourcesFiltering - skip non existing resourceDirectory C:\WON\SpringWork\STSWork\basic\src\test\resources
2024-04-12 16:03:05,502 [Worker-73: Building] INFO  o.a.m.s.f.DefaultMavenResourcesFiltering - Copying 1 resource from src\main\resources to target\classes
2024-04-12 16:03:05,503 [Worker-73: Building] INFO  o.a.m.s.f.DefaultMavenResourcesFiltering - skip non existing resourceDirectory C:\WON\SpringWork\STSWork\basic\src\test\resources
2024-04-12 16:03:08,054 [Worker-77: Building] INFO  o.a.m.s.f.DefaultMavenResourcesFiltering - Copying 1 resource from src\main\resources to target\classes
2024-04-12 16:03:08,055 [Worker-77: Building] INFO  o.a.m.s.f.DefaultMavenResourcesFiltering - skip non existing resourceDirectory C:\WON\SpringWork\STSWork\basic\src\test\resources
2024-04-12 16:03:09,856 [Worker-76: Building] INFO  o.a.m.s.f.DefaultMavenResourcesFiltering - Copying 1 resource from src\main\resources to target\classes
2024-04-12 16:03:09,857 [Worker-76: Building] INFO  o.a.m.s.f.DefaultMavenResourcesFiltering - skip non existing resourceDirectory C:\WON\SpringWork\STSWork\basic\src\test\resources
2024-04-12 16:03:23,505 [Worker-77: Building] INFO  o.a.m.s.f.DefaultMavenResourcesFiltering - Copying 1 resource from src\main\resources to target\classes
2024-04-12 16:03:23,506 [Worker-77: Building] INFO  o.a.m.s.f.DefaultMavenResourcesFiltering - skip non existing resourceDirectory C:\WON\SpringWork\STSWork\basic\src\test\resources
2024-04-12 16:03:42,984 [Worker-73: Building] INFO  o.a.m.s.f.DefaultMavenResourcesFiltering - Copying 1 resource from src\main\resources to target\classes
2024-04-12 16:03:42,985 [Worker-73: Building] INFO  o.a.m.s.f.DefaultMavenResourcesFiltering - skip non existing resourceDirectory C:\WON\SpringWork\STSWork\basic\src\test\resources
2024-04-12 16:04:07,224 [Worker-77: Building] INFO  o.a.m.s.f.DefaultMavenResourcesFiltering - Copying 1 resource from src\main\resources to target\classes
2024-04-12 16:04:07,226 [Worker-77: Building] INFO  o.a.m.s.f.DefaultMavenResourcesFiltering - skip non existing resourceDirectory C:\WON\SpringWork\STSWork\basic\src\test\resources
2024-04-12 16:04:16,245 [Worker-73: Building] INFO  o.a.m.s.f.DefaultMavenResourcesFiltering - Copying 1 resource from src\main\resources to target\classes
2024-04-12 16:04:16,247 [Worker-73: Building] INFO  o.a.m.s.f.DefaultMavenResourcesFiltering - skip non existing resourceDirectory C:\WON\SpringWork\STSWork\basic\src\test\resources
2024-04-12 16:04:22,674 [Worker-73: Building] INFO  o.a.m.s.f.DefaultMavenResourcesFiltering - Copying 1 resource from src\main\resources to target\classes
2024-04-12 16:04:22,676 [Worker-73: Building] INFO  o.a.m.s.f.DefaultMavenResourcesFiltering - skip non existing resourceDirectory C:\WON\SpringWork\STSWork\basic\src\test\resources
2024-04-12 16:04:55,642 [Worker-75: Building] INFO  o.a.m.s.f.DefaultMavenResourcesFiltering - Copying 1 resource from src\main\resources to target\classes
2024-04-12 16:04:55,643 [Worker-75: Building] INFO  o.a.m.s.f.DefaultMavenResourcesFiltering - skip non existing resourceDirectory C:\WON\SpringWork\STSWork\basic\src\test\resources
2024-04-12 16:04:58,723 [Worker-73: Building] INFO  o.a.m.s.f.DefaultMavenResourcesFiltering - Copying 1 resource from src\main\resources to target\classes
2024-04-12 16:04:58,725 [Worker-73: Building] INFO  o.a.m.s.f.DefaultMavenResourcesFiltering - skip non existing resourceDirectory C:\WON\SpringWork\STSWork\basic\src\test\resources
2024-04-12 16:06:14,246 [Worker-70: Building] INFO  o.a.m.s.f.DefaultMavenResourcesFiltering - Copying 1 resource from src\main\resources to target\classes
2024-04-12 16:06:14,249 [Worker-70: Building] INFO  o.a.m.s.f.DefaultMavenResourcesFiltering - skip non existing resourceDirectory C:\WON\SpringWork\STSWork\basic\src\test\resources
2024-04-12 16:51:08,192 [main] WARN  org.eclipse.jgit.lib.Repository - close() called when useCnt is already zero for Repository[C:\Users\user\git\repository\.git]
2024-04-12 17:02:17,804 [Worker-87: Building] ERROR o.e.m.c.i.p.r.ProjectRegistryManager - File not found: C:\Users\user\git\repository\basic\pom.xml.
org.eclipse.core.internal.resources.ResourceException: File not found: C:\Users\user\git\repository\basic\pom.xml.
	at org.eclipse.core.internal.localstore.FileSystemResourceManager.read(FileSystemResourceManager.java:877)
	at org.eclipse.core.internal.resources.File.getContents(File.java:299)
	at org.eclipse.core.internal.resources.File.getContents(File.java:290)
	at org.eclipse.m2e.core.internal.project.registry.ProjectRegistryManager.refreshPhase2(ProjectRegistryManager.java:585)
	at org.eclipse.m2e.core.internal.project.registry.ProjectRegistryManager.refresh(ProjectRegistryManager.java:487)
	at org.eclipse.m2e.core.internal.project.registry.ProjectRegistryManager.refresh(ProjectRegistryManager.java:366)
	at org.eclipse.m2e.core.internal.project.registry.ProjectRegistryManager.refresh(ProjectRegistryManager.java:318)
	at org.eclipse.m2e.core.internal.builder.MavenBuilder$BuildMethod.getProjectFacade(MavenBuilder.java:146)
	at org.eclipse.m2e.core.internal.builder.MavenBuilder$BuildMethod.lambda$0(MavenBuilder.java:84)
	at org.eclipse.m2e.core.internal.embedder.MavenExecutionContext.executeBare(MavenExecutionContext.java:458)
	at org.eclipse.m2e.core.internal.embedder.MavenExecutionContext.execute(MavenExecutionContext.java:339)
	at org.eclipse.m2e.core.internal.embedder.MavenExecutionContext.execute(MavenExecutionContext.java:278)
	at org.eclipse.m2e.core.internal.builder.MavenBuilder$BuildMethod.execute(MavenBuilder.java:83)
	at org.eclipse.m2e.core.internal.builder.MavenBuilder.build(MavenBuilder.java:192)
	at org.eclipse.core.internal.events.BuildManager$2.run(BuildManager.java:1077)
	at org.eclipse.core.runtime.SafeRunner.run(SafeRunner.java:47)
	at org.eclipse.core.internal.events.BuildManager.basicBuild(BuildManager.java:296)
	at org.eclipse.core.internal.events.BuildManager.basicBuild(BuildManager.java:352)
	at org.eclipse.core.internal.events.BuildManager$1.run(BuildManager.java:441)
	at org.eclipse.core.runtime.SafeRunner.run(SafeRunner.java:47)
	at org.eclipse.core.internal.events.BuildManager.basicBuild(BuildManager.java:444)
	at org.eclipse.core.internal.events.BuildManager.basicBuildLoop(BuildManager.java:555)
	at org.eclipse.core.internal.events.BuildManager.basicBuildLoop(BuildManager.java:503)
	at org.eclipse.core.internal.events.BuildManager.build(BuildManager.java:585)
	at org.eclipse.core.internal.events.AutoBuildJob.doBuild(AutoBuildJob.java:207)
	at org.eclipse.core.internal.events.AutoBuildJob.run(AutoBuildJob.java:300)
	at org.eclipse.core.internal.jobs.Worker.run(Worker.java:63)
Caused by: java.lang.Exception: File not found: C:\Users\user\git\repository\basic\pom.xml.
	at org.eclipse.core.internal.resources.ResourceException.provideStackTrace(ResourceException.java:42)
	at org.eclipse.core.internal.resources.ResourceException.<init>(ResourceException.java:38)
	... 27 common frames omitted
2024-04-12 17:03:36,893 [Worker-88: Building] INFO  o.e.m.c.i.l.LifecycleMappingFactory - Using org.eclipse.m2e.jdt.JarLifecycleMapping lifecycle mapping for MavenProject: com.mysite:basic:0.0.1-SNAPSHOT @ C:\WON\SpringWork\STSWork\basic\pom.xml.
2024-04-12 17:03:37,136 [Worker-88: Building] INFO  o.a.m.s.f.DefaultMavenResourcesFiltering - Copying 0 resource from src\main\resources to target\classes
2024-04-12 17:03:37,138 [Worker-88: Building] INFO  o.a.m.s.f.DefaultMavenResourcesFiltering - skip non existing resourceDirectory C:\WON\SpringWork\STSWork\basic\src\test\resources
2024-04-12 17:03:38,346 [Worker-87: Building] INFO  o.e.m.c.i.l.LifecycleMappingFactory - Using org.eclipse.m2e.jdt.JarLifecycleMapping lifecycle mapping for MavenProject: com.mysite:basic:0.0.1-SNAPSHOT @ C:\WON\SpringWork\STSWork\basic\pom.xml.
2024-04-12 17:03:38,521 [Worker-87: Building] INFO  o.a.m.s.f.DefaultMavenResourcesFiltering - Copying 1 resource from src\main\resources to target\classes
2024-04-12 17:03:38,527 [Worker-87: Building] INFO  o.a.m.s.f.DefaultMavenResourcesFiltering - skip non existing resourceDirectory C:\WON\SpringWork\STSWork\basic\src\test\resources
